<?xml version="1.0" encoding="UTF-8"?>
<testng-results ignored="0" total="4" passed="3" failed="1" skipped="0">
  <reporter-output>
  </reporter-output>
  <suite started-at="2023-06-05T00:53:56 AWST" name="runner.RunnerTest" finished-at="2023-06-05T00:55:08 AWST" duration-ms="71994">
    <groups>
      <group name="cucumber">
        <method signature="AbstractTestNGCucumberTests.runScenario(io.cucumber.testng.PickleWrapper,io.cucumber.testng.FeatureWrapper)[pri:0, instance:runner.RunnerTest@2abf4075]" name="runScenario" class="io.cucumber.testng.AbstractTestNGCucumberTests"/>
      </group> <!-- cucumber -->
    </groups>
    <test started-at="2023-06-05T00:53:56 AWST" name="Command line test" finished-at="2023-06-05T00:55:08 AWST" duration-ms="71994">
      <class name="runner.RunnerTest">
        <test-method is-config="true" signature="setUpClass(org.testng.ITestContext)[pri:0, instance:runner.RunnerTest@2abf4075]" started-at="2023-06-05T00:53:56 AWST" name="setUpClass" finished-at="2023-06-05T00:53:57 AWST" duration-ms="1346" status="PASS">
          <params>
            <param index="0">
              <value>
                <![CDATA[org.testng.TestRunner@7103745]]>
              </value>
            </param>
          </params>
          <reporter-output>
          </reporter-output>
        </test-method> <!-- setUpClass -->
        <test-method signature="runScenario(io.cucumber.testng.PickleWrapper,io.cucumber.testng.FeatureWrapper)[pri:0, instance:runner.RunnerTest@2abf4075]" started-at="2023-06-05T00:53:57 AWST" name="runScenario" description="Runs Cucumber Scenarios" data-provider="scenarios" finished-at="2023-06-05T00:54:14 AWST" duration-ms="16891" status="PASS">
          <params>
            <param index="0">
              <value>
                <![CDATA["Login user with valid email & password then verify user succesfuly login to home page"]]>
              </value>
            </param>
            <param index="1">
              <value>
                <![CDATA["User Login"]]>
              </value>
            </param>
          </params>
          <reporter-output>
          </reporter-output>
        </test-method> <!-- runScenario -->
        <test-method signature="runScenario(io.cucumber.testng.PickleWrapper,io.cucumber.testng.FeatureWrapper)[pri:0, instance:runner.RunnerTest@2abf4075]" started-at="2023-06-05T00:54:14 AWST" name="runScenario" description="Runs Cucumber Scenarios" data-provider="scenarios" finished-at="2023-06-05T00:54:30 AWST" duration-ms="15599" status="PASS">
          <params>
            <param index="0">
              <value>
                <![CDATA["Login user with invalid email then verify user cant login"]]>
              </value>
            </param>
            <param index="1">
              <value>
                <![CDATA["User Login"]]>
              </value>
            </param>
          </params>
          <reporter-output>
          </reporter-output>
        </test-method> <!-- runScenario -->
        <test-method signature="runScenario(io.cucumber.testng.PickleWrapper,io.cucumber.testng.FeatureWrapper)[pri:0, instance:runner.RunnerTest@2abf4075]" started-at="2023-06-05T00:54:30 AWST" name="runScenario" description="Runs Cucumber Scenarios" data-provider="scenarios" finished-at="2023-06-05T00:54:49 AWST" duration-ms="18926" status="FAIL">
          <params>
            <param index="0">
              <value>
                <![CDATA["Change stock with a valid data"]]>
              </value>
            </param>
            <param index="1">
              <value>
                <![CDATA["Menambahkan persediaan"]]>
              </value>
            </param>
          </params>
          <exception class="java.lang.AssertionError">
            <message>
              <![CDATA[expected [Sukses merubah stok] but found [Kesalahan pada aplikasi]]]>
            </message>
            <full-stacktrace>
              <![CDATA[java.lang.AssertionError: expected [Sukses merubah stok] but found [Kesalahan pada aplikasi]
at org.testng.Assert.fail(Assert.java:110)
at org.testng.Assert.failNotEquals(Assert.java:1577)
at org.testng.Assert.assertEqualsImpl(Assert.java:149)
at org.testng.Assert.assertEquals(Assert.java:131)
at org.testng.Assert.assertEquals(Assert.java:655)
at org.testng.Assert.assertEquals(Assert.java:665)
at PageObjects.Persediaan.PersediaanPage.validateAlertMessage(PersediaanPage.java:140)
at stepdef.PersediaanStepDef.userWillSeeSuccessMessage(PersediaanStepDef.java:66)
at ✽.User will see success message(file:///E:/Automation%20Test/Jubelio%20x%20Rakamin%20Web%20Automation/src/test/resources/Features/Persediaan.feature:13)
]]>
            </full-stacktrace>
          </exception> <!-- java.lang.AssertionError -->
          <reporter-output>
          </reporter-output>
        </test-method> <!-- runScenario -->
        <test-method signature="runScenario(io.cucumber.testng.PickleWrapper,io.cucumber.testng.FeatureWrapper)[pri:0, instance:runner.RunnerTest@2abf4075]" started-at="2023-06-05T00:54:49 AWST" name="runScenario" description="Runs Cucumber Scenarios" data-provider="scenarios" finished-at="2023-06-05T00:55:08 AWST" duration-ms="19063" status="PASS">
          <params>
            <param index="0">
              <value>
                <![CDATA["Change stock with a invalid data"]]>
              </value>
            </param>
            <param index="1">
              <value>
                <![CDATA["Menambahkan persediaan"]]>
              </value>
            </param>
          </params>
          <reporter-output>
          </reporter-output>
        </test-method> <!-- runScenario -->
        <test-method is-config="true" signature="tearDownClass()[pri:0, instance:runner.RunnerTest@2abf4075]" started-at="2023-06-05T00:55:08 AWST" name="tearDownClass" finished-at="2023-06-05T00:55:08 AWST" duration-ms="68" status="PASS">
          <reporter-output>
          </reporter-output>
        </test-method> <!-- tearDownClass -->
      </class> <!-- runner.RunnerTest -->
    </test> <!-- Command line test -->
  </suite> <!-- runner.RunnerTest -->
</testng-results>
