<?xml version="1.0" encoding="UTF-8" ?>
<testsuite tests="4" failures="1" name="runner.RunnerTest" time="70.491" errors="0" skipped="0">
  <properties>
[...]
</properties>
  <testcase classname="runner.RunnerTest" name="runScenario" time="16.9"/>
  <testcase classname="runner.RunnerTest" name="runScenario" time="15.599"/>
  <testcase classname="runner.RunnerTest" name="runScenario" time="18.932">
    <failure message="expected [Sukses merubah stok] but found [Kesalahan pada aplikasi]" type="java.lang.AssertionError">java.lang.AssertionError: expected [Sukses merubah stok] but found [Kesalahan pada aplikasi]
	at org.testng.Assert.fail(Assert.java:110)
	at org.testng.Assert.failNotEquals(Assert.java:1577)
	at org.testng.Assert.assertEqualsImpl(Assert.java:149)
	at org.testng.Assert.assertEquals(Assert.java:131)
	at org.testng.Assert.assertEquals(Assert.java:655)
	at org.testng.Assert.assertEquals(Assert.java:665)
	at PageObjects.Persediaan.PersediaanPage.validateAlertMessage(PersediaanPage.java:140)
	at stepdef.PersediaanStepDef.userWillSeeSuccessMessage(PersediaanStepDef.java:66)
	at ✽.User will see success message(file:///E:/Automation%20Test/Jubelio%20x%20Rakamin%20Web%20Automation/src/test/resources/Features/Persediaan.feature:13)
</failure>
    <system-out>
@Test
Scenario: Change stock with a valid data                        &amp;#27;[90m# src/test/resources/Features/Persediaan.feature:8&amp;#27;[0m
  &amp;#27;[32mGiven &amp;#27;[0m&amp;#27;[32mUser already login&amp;#27;[0m                                      &amp;#27;[90m# stepdef.PersediaanStepDef.userAlreadyLogin()&amp;#27;[0m
  &amp;#27;[32mAnd &amp;#27;[0m&amp;#27;[32mUser already in Persediaan page&amp;#27;[0m                           &amp;#27;[90m# stepdef.PersediaanStepDef.userAlreadyInPersediaanPage()&amp;#27;[0m
  &amp;#27;[32mWhen &amp;#27;[0m&amp;#27;[32mUser click on item checkbox&amp;#27;[0m                              &amp;#27;[90m# stepdef.PersediaanStepDef.userClickOnItemCheckbox()&amp;#27;[0m
  &amp;#27;[32mAnd &amp;#27;[0m&amp;#27;[32mUser click penyesuaian persediaan button&amp;#27;[0m                  &amp;#27;[90m# stepdef.PersediaanStepDef.userClickPenyesuaianPersediaanButton()&amp;#27;[0m
  &amp;#27;[32mAnd &amp;#27;[0m&amp;#27;[32mUser fill the penyesuaian persediaan form with valid data&amp;#27;[0m &amp;#27;[90m# stepdef.PersediaanStepDef.userFillThePenyesuaianPersediaanFormWithValidData()&amp;#27;[0m
  &amp;#27;[32mThen &amp;#27;[0m&amp;#27;[32mUser click simpan button&amp;#27;[0m                                 &amp;#27;[90m# stepdef.PersediaanStepDef.userClickSimpanButton()&amp;#27;[0m
Kesalahan pada aplikasi
  &amp;#27;[31mAnd &amp;#27;[0m&amp;#27;[31mUser will see success message&amp;#27;[0m                             &amp;#27;[90m# stepdef.PersediaanStepDef.userWillSeeSuccessMessage()&amp;#27;[0m
      &amp;#27;[31mjava.lang.AssertionError: expected [Sukses merubah stok] but found [Kesalahan pada aplikasi]
	at org.testng.Assert.fail(Assert.java:110)
	at org.testng.Assert.failNotEquals(Assert.java:1577)
	at org.testng.Assert.assertEqualsImpl(Assert.java:149)
	at org.testng.Assert.assertEquals(Assert.java:131)
	at org.testng.Assert.assertEquals(Assert.java:655)
	at org.testng.Assert.assertEquals(Assert.java:665)
	at PageObjects.Persediaan.PersediaanPage.validateAlertMessage(PersediaanPage.java:140)
	at stepdef.PersediaanStepDef.userWillSeeSuccessMessage(PersediaanStepDef.java:66)
	at ✽.User will see success message(file:///E:/Automation%20Test/Jubelio%20x%20Rakamin%20Web%20Automation/src/test/resources/Features/Persediaan.feature:13)
&amp;#27;[0m
</system-out>
    <system-err>Starting ChromeDriver 113.0.5672.63 (0e1a4471d5ae5bf128b1bd8f4d627c8cbd55f70c-refs/branch-heads/5672@{#912}) on port 11328
Only local connections are allowed.
Please see https://chromedriver.chromium.org/security-considerations for suggestions on keeping ChromeDriver safe.
ChromeDriver was started successfully.
</system-err>
  </testcase>
  <testcase classname="runner.RunnerTest" name="runScenario" time="19.06"/>
</testsuite>