<?xml version="1.0" encoding="UTF-8"?>
<!-- Generated by org.testng.reporters.JUnitXMLReporter -->
<testsuite ignored="0" hostname="DESKTOP-8G0J9BJ" failures="1" tests="4" name="Command line test" time="71.994" errors="0" timestamp="2023-06-05T00:55:08 AWST">
  <testcase classname="io.cucumber.testng.AbstractTestNGCucumberTests" name="runScenario" time="16.891"/>
  <testcase classname="io.cucumber.testng.AbstractTestNGCucumberTests" name="runScenario" time="15.599"/>
  <testcase classname="io.cucumber.testng.AbstractTestNGCucumberTests" name="runScenario" time="18.926">
    <failure type="java.lang.AssertionError" message="expected [Sukses merubah stok] but found [Kesalahan pada aplikasi]">
      <![CDATA[java.lang.AssertionError: expected [Sukses merubah stok] but found [Kesalahan pada aplikasi]
at PageObjects.Persediaan.PersediaanPage.validateAlertMessage(PersediaanPage.java:140)
at stepdef.PersediaanStepDef.userWillSeeSuccessMessage(PersediaanStepDef.java:66)
at ✽.User will see success message(file:///E:/Automation%20Test/Jubelio%20x%20Rakamin%20Web%20Automation/src/test/resources/Features/Persediaan.feature:13)
... Removed 6 stack frames]]>
    </failure>
  </testcase> <!-- runScenario -->
  <testcase classname="io.cucumber.testng.AbstractTestNGCucumberTests" name="runScenario" time="19.063"/>
</testsuite> <!-- Command line test -->
