<?xml version="1.0" encoding="UTF-8"?>
<!-- Generated by org.testng.reporters.JUnitReportReporter -->
<testsuite hostname="DESKTOP-8G0J9BJ" failures="1" tests="4" name="runner.RunnerTest" time="70.479" errors="0" timestamp="2023-06-05T00:55:08 AWST" skipped="0">
  <testcase classname="runner.RunnerTest" name="runScenario" time="18.926">
    <failure message="expected [Sukses merubah stok] but found [Kesalahan pada aplikasi]" type="java.lang.AssertionError">
      <![CDATA[java.lang.AssertionError: expected [Sukses merubah stok] but found [Kesalahan pada aplikasi]
at org.testng.Assert.fail(Assert.java:110)
at org.testng.Assert.failNotEquals(Assert.java:1577)
at org.testng.Assert.assertEqualsImpl(Assert.java:149)
at org.testng.Assert.assertEquals(Assert.java:131)
at org.testng.Assert.assertEquals(Assert.java:655)
at org.testng.Assert.assertEquals(Assert.java:665)
at PageObjects.Persediaan.PersediaanPage.validateAlertMessage(PersediaanPage.java:140)
at stepdef.PersediaanStepDef.userWillSeeSuccessMessage(PersediaanStepDef.java:66)
at ✽.User will see success message(file:///E:/Automation%20Test/Jubelio%20x%20Rakamin%20Web%20Automation/src/test/resources/Features/Persediaan.feature:13)
]]>
    </failure>
  </testcase> <!-- runScenario -->
  <system-out/>
  <testcase classname="runner.RunnerTest" name="runScenario" time="15.599"/>
  <system-out/>
  <testcase classname="runner.RunnerTest" name="runScenario" time="19.063"/>
  <system-out/>
  <testcase classname="runner.RunnerTest" name="runScenario" time="16.891"/>
  <system-out/>
</testsuite> <!-- runner.RunnerTest -->
